[2022-05-19 08:07:33.111 +00:00] [INF] [4] Main: Jellyfin version: "10.7.7"
[2022-05-19 08:07:33.126 +00:00] [INF] [4] Main: Environment Variables: ["[JELLYFIN_DATA_DIR, /config]", "[JELLYFIN_WEB_DIR, /jellyfin/jellyfin-web]", "[DOTNET_SYSTEM_GLOBALIZATION_INVARIANT, 1]", "[JELLYFIN_FFMPEG, /usr/lib/jellyfin-ffmpeg/ffmpeg]", "[JELLYFIN_LOG_DIR, /config/log]", "[JELLYFIN_CONFIG_DIR, /config/config]", "[JELLYFIN_MEDIA_DIR, /media]", "[JELLYFIN_CACHE_DIR, /cache]"]
[2022-05-19 08:07:33.128 +00:00] [INF] [4] Main: Arguments: ["/jellyfin/jellyfin.dll"]
[2022-05-19 08:07:33.129 +00:00] [INF] [4] Main: Operating system: "Linux"
[2022-05-19 08:07:33.129 +00:00] [INF] [4] Main: Architecture: X64
[2022-05-19 08:07:33.130 +00:00] [INF] [4] Main: 64-Bit Process: True
[2022-05-19 08:07:33.130 +00:00] [INF] [4] Main: User Interactive: True
[2022-05-19 08:07:33.130 +00:00] [INF] [4] Main: Processor count: 16
[2022-05-19 08:07:33.130 +00:00] [INF] [4] Main: Program data path: "/config"
[2022-05-19 08:07:33.130 +00:00] [INF] [4] Main: Web resources path: "/jellyfin/jellyfin-web"
[2022-05-19 08:07:33.130 +00:00] [INF] [4] Main: Application directory: "/jellyfin/"
[2022-05-19 08:07:33.301 +00:00] [INF] [4] Emby.Server.Implementations.AppBase.BaseConfigurationManager: Setting cache path: "/cache"
[2022-05-19 08:07:33.375 +00:00] [INF] [4] Jellyfin.Networking.Manager.NetworkManager: Defined LAN addresses : "[127.0.0.1/8,10.0.0.0/8,172.16.0.0/12,192.168.0.0/16]"
[2022-05-19 08:07:33.375 +00:00] [INF] [4] Jellyfin.Networking.Manager.NetworkManager: Defined LAN exclusions : "[]"
[2022-05-19 08:07:33.376 +00:00] [INF] [4] Jellyfin.Networking.Manager.NetworkManager: Using LAN addresses: "[127.0.0.1/8,10.0.0.0/8,172.16.0.0/12,192.168.0.0/16]"
[2022-05-19 08:07:33.385 +00:00] [INF] [4] Jellyfin.Networking.Manager.NetworkManager: Using bind addresses: "[]"
[2022-05-19 08:07:33.385 +00:00] [INF] [4] Jellyfin.Networking.Manager.NetworkManager: Using bind exclusions: "[]"
[2022-05-19 08:07:33.398 +00:00] [INF] [4] Emby.Server.Implementations.ApplicationHost: Loading assemblies
[2022-05-19 08:07:35.633 +00:00] [INF] [4] Emby.Server.Implementations.AppBase.BaseConfigurationManager: Saving system configuration
[2022-05-19 08:07:35.638 +00:00] [INF] [4] Emby.Server.Implementations.AppBase.BaseConfigurationManager: Setting cache path: "/cache"
[2022-05-19 08:07:35.645 +00:00] [INF] [4] Emby.Server.Implementations.Plugins.PluginManager: Loaded plugin: "OMDb" "10.7.7.0"
[2022-05-19 08:07:35.646 +00:00] [INF] [4] Emby.Server.Implementations.Plugins.PluginManager: Loaded plugin: "MusicBrainz" "10.7.7.0"
[2022-05-19 08:07:35.647 +00:00] [INF] [4] Emby.Server.Implementations.Plugins.PluginManager: Loaded plugin: "AudioDB" "10.7.7.0"
[2022-05-19 08:07:35.703 +00:00] [INF] [4] Jellyfin.Server.Migrations.MigrationRunner: Marking all known migrations as applied because this is a fresh install
[2022-05-19 08:07:35.726 +00:00] [INF] [4] Jellyfin.Server.Migrations.MigrationRunner: Applying migration '"AddDefaultPluginRepository"'
[2022-05-19 08:07:35.727 +00:00] [INF] [4] Emby.Server.Implementations.AppBase.BaseConfigurationManager: Saving system configuration
[2022-05-19 08:07:35.734 +00:00] [INF] [4] Emby.Server.Implementations.AppBase.BaseConfigurationManager: Setting cache path: "/cache"
[2022-05-19 08:07:35.734 +00:00] [INF] [4] Jellyfin.Server.Migrations.MigrationRunner: Migration '"AddDefaultPluginRepository"' applied successfully
[2022-05-19 08:07:35.739 +00:00] [INF] [4] Jellyfin.Server.Migrations.MigrationRunner: Applying migration '"ReaddDefaultPluginRepository"'
[2022-05-19 08:07:35.740 +00:00] [INF] [4] Jellyfin.Server.Migrations.MigrationRunner: Migration '"ReaddDefaultPluginRepository"' applied successfully
[2022-05-19 08:07:35.746 +00:00] [INF] [4] Jellyfin.Server.Migrations.MigrationRunner: Applying migration '"AddPeopleQueryIndex"'
[2022-05-19 08:07:35.747 +00:00] [INF] [4] Jellyfin.Server.Migrations.Routines.AddPeopleQueryIndex: Creating index idx_TypedBaseItemsUserDataKeyType
[2022-05-19 08:07:35.754 +00:00] [INF] [4] Jellyfin.Server.Migrations.Routines.AddPeopleQueryIndex: Creating index idx_PeopleNameListOrder
[2022-05-19 08:07:35.762 +00:00] [INF] [4] Jellyfin.Server.Migrations.MigrationRunner: Migration '"AddPeopleQueryIndex"' applied successfully
[2022-05-19 08:07:35.774 +00:00] [INF] [4] Main: Kestrel listening on "Any IP4 Address"
[2022-05-19 08:07:36.037 +00:00] [WRN] [4] Microsoft.AspNetCore.DataProtection.KeyManagement.XmlKeyManager: No XML encryptor configured. Key {105d369f-85c1-47a8-85aa-5bc2f278faf7} may be persisted to storage in unencrypted form.
[2022-05-19 08:07:36.069 +00:00] [INF] [4] Emby.Server.Implementations.ApplicationHost: Running startup tasks
[2022-05-19 08:07:36.106 +00:00] [INF] [4] Emby.Server.Implementations.ScheduledTasks.TaskManager: Daily trigger for "Extract Chapter Images" set to fire at 05/20/2022 02:00, which is 17:52:23.8933976 from now.
[2022-05-19 08:07:36.153 +00:00] [INF] [4] MediaBrowser.MediaEncoding.Encoder.MediaEncoder: Found ffmpeg version "4.3.2"
[2022-05-19 08:07:36.184 +00:00] [INF] [4] MediaBrowser.MediaEncoding.Encoder.MediaEncoder: Available "decoders": ["h264", "h264_qsv", "h264_cuvid", "hevc", "hevc_qsv", "hevc_cuvid", "mpeg2video", "mpeg2_qsv", "mpeg2_cuvid", "mpeg4", "mpeg4_cuvid", "msmpeg4", "vc1_qsv", "vc1_cuvid", "vp8_cuvid", "vp8_qsv", "vp9_cuvid", "vp9_qsv", "aac", "ac3", "flac", "mp3"]
[2022-05-19 08:07:36.196 +00:00] [INF] [4] MediaBrowser.MediaEncoding.Encoder.MediaEncoder: Available "encoders": ["libx264", "h264_amf", "h264_nvenc", "h264_qsv", "h264_v4l2m2m", "h264_vaapi", "libx265", "hevc_amf", "hevc_nvenc", "hevc_qsv", "hevc_vaapi", "mpeg4", "msmpeg4", "libvpx", "libvpx-vp9", "aac", "ac3", "flac", "libmp3lame", "libopus", "libvorbis", "srt"]
[2022-05-19 08:07:36.207 +00:00] [INF] [4] MediaBrowser.MediaEncoding.Encoder.MediaEncoder: Available hwaccel types: ["vdpau", "cuda", "vaapi", "qsv", "drm", "opencl"]
[2022-05-19 08:07:36.208 +00:00] [INF] [4] MediaBrowser.MediaEncoding.Encoder.MediaEncoder: FFmpeg: SetByArgument: "/usr/lib/jellyfin-ffmpeg/ffmpeg"
[2022-05-19 08:07:36.213 +00:00] [INF] [4] Emby.Server.Implementations.ApplicationHost: ServerId: "784c1be9c7f54e31b8ff980ecec872ac"
[2022-05-19 08:07:36.801 +00:00] [INF] [19] Emby.Dlna.Main.DlnaEntryPoint: Registering publisher for "urn:schemas-upnp-org:device:MediaServer:1" on "172.17.0.2/16"
[2022-05-19 08:07:36.820 +00:00] [INF] [19] Emby.Server.Implementations.ApplicationHost: Executed all pre-startup entry points in 0:00:00.5916187
[2022-05-19 08:07:36.820 +00:00] [INF] [19] Emby.Server.Implementations.ApplicationHost: Core startup complete
[2022-05-19 08:07:37.024 +00:00] [INF] [19] Emby.Server.Implementations.ApplicationHost: Executed all post-startup entry points in 0:00:00.2032572
[2022-05-19 08:07:37.024 +00:00] [INF] [19] Main: Startup complete 0:00:04.1330586
[2022-05-19 08:07:39.122 +00:00] [INF] [18] Emby.Server.Implementations.ScheduledTasks.TaskManager: "StartupTrigger" fired for task: "Update Plugins"
[2022-05-19 08:07:39.123 +00:00] [INF] [18] Emby.Server.Implementations.ScheduledTasks.TaskManager: Queuing task "PluginUpdateTask"
[2022-05-19 08:07:39.126 +00:00] [INF] [4] Emby.Server.Implementations.ScheduledTasks.TaskManager: Executing "Update Plugins"
[2022-05-19 08:07:40.308 +00:00] [INF] [4] Emby.Server.Implementations.ScheduledTasks.TaskManager: "Update Plugins" Completed after 0 minute(s) and 1 seconds
[2022-05-19 08:07:40.352 +00:00] [INF] [4] Emby.Server.Implementations.ScheduledTasks.TaskManager: ExecuteQueuedTasks
[2022-05-19 08:07:42.688 +00:00] [INF] [11] Emby.Server.Implementations.AppBase.BaseConfigurationManager: Saving system configuration
[2022-05-19 08:07:42.697 +00:00] [INF] [11] Emby.Server.Implementations.AppBase.BaseConfigurationManager: Setting cache path: "/cache"
[2022-05-19 08:07:42.698 +00:00] [INF] [23] Emby.Server.Implementations.EntryPoints.ExternalPortForwarding: Stopping NAT discovery
[2022-05-19 08:07:42.731 +00:00] [WRN] [25] Jellyfin.Server.Implementations.Users.UserManager: No users, creating one with username "root"
[2022-05-19 08:07:43.284 +00:00] [WRN] [25] Jellyfin.Server.Middleware.ResponseTimeMiddleware: Slow HTTP Response from "http://localhost:8080/Startup/User" to "172.17.0.1" in 0:00:00.561157 with Status Code 200
[2022-05-19 08:07:56.441 +00:00] [WRN] [19] Jellyfin.Server.Middleware.ResponseTimeMiddleware: Slow HTTP Response from "http://localhost:8080/Library/VirtualFolders?collectionType=movies&refreshLibrary=false&name=Films" to "172.17.0.1" in 0:00:01.2144391 with Status Code 204
[2022-05-19 08:08:03.394 +00:00] [INF] [11] Emby.Server.Implementations.AppBase.BaseConfigurationManager: Saving system configuration
[2022-05-19 08:08:03.403 +00:00] [INF] [11] Emby.Server.Implementations.AppBase.BaseConfigurationManager: Setting cache path: "/cache"
[2022-05-19 08:08:04.301 +00:00] [INF] [11] Jellyfin.Networking.Manager.NetworkManager: Defined LAN addresses : "[127.0.0.1/8,10.0.0.0/8,172.16.0.0/12,192.168.0.0/16]"
[2022-05-19 08:08:04.301 +00:00] [INF] [11] Jellyfin.Networking.Manager.NetworkManager: Defined LAN exclusions : "[]"
[2022-05-19 08:08:04.301 +00:00] [INF] [11] Jellyfin.Networking.Manager.NetworkManager: Using LAN addresses: "[127.0.0.1/8,10.0.0.0/8,172.16.0.0/12,192.168.0.0/16]"
[2022-05-19 08:08:04.301 +00:00] [INF] [11] Jellyfin.Networking.Manager.NetworkManager: Using bind addresses: "[]"
[2022-05-19 08:08:04.301 +00:00] [INF] [11] Jellyfin.Networking.Manager.NetworkManager: Using bind exclusions: "[]"
[2022-05-19 08:08:05.646 +00:00] [INF] [19] Emby.Server.Implementations.AppBase.BaseConfigurationManager: Saving system configuration
[2022-05-19 08:08:05.654 +00:00] [INF] [19] Emby.Server.Implementations.AppBase.BaseConfigurationManager: Setting cache path: "/cache"
[2022-05-19 08:08:05.656 +00:00] [INF] [18] Emby.Server.Implementations.ScheduledTasks.TaskManager: Queuing task "RefreshMediaLibraryTask"
[2022-05-19 08:08:05.657 +00:00] [INF] [19] Emby.Server.Implementations.ScheduledTasks.TaskManager: Executing "Scanner toutes les Bibliothèques"
[2022-05-19 08:08:05.660 +00:00] [INF] [19] Emby.Server.Implementations.Library.LibraryManager: Validating media library
[2022-05-19 08:08:08.374 +00:00] [INF] [17] Jellyfin.Server.Implementations.Users.UserManager: Authentication request for "test" has succeeded.
[2022-05-19 08:08:08.375 +00:00] [INF] [17] Emby.Server.Implementations.Session.SessionManager: Current/Max sessions for user "test": 0/0
[2022-05-19 08:08:08.390 +00:00] [INF] [17] Emby.Server.Implementations.Session.SessionManager: Creating new access token for user b4e2f196-eb26-423e-b316-b5dae9786f40
[2022-05-19 08:08:08.605 +00:00] [INF] [21] Emby.Server.Implementations.HttpServer.WebSocketManager: WS "172.17.0.1" request
[2022-05-19 08:08:10.848 +00:00] [ERR] [27] MediaBrowser.Providers.Manager.ProviderManager: IOException saving to "/config/metadata/People/A/Aleksander Bednarz/folder.jpg". Will retry saving to "/config/metadata/library/d7/d72b48c5656fae1f3e9f70d833f335e9/folder.jpg"
System.IO.IOException: The process cannot access the file '/config/metadata/People/A/Aleksander Bednarz/folder.jpg' because it is being used by another process.
   at System.IO.FileStream.Init(FileMode mode, FileShare share, String originalPath)
   at System.IO.FileStream..ctor(String path, FileMode mode, FileAccess access, FileShare share, Int32 bufferSize, FileOptions options)
   at MediaBrowser.Providers.Manager.ImageSaver.SaveImageToLocation(Stream source, String path, CancellationToken cancellationToken)
   at MediaBrowser.Providers.Manager.ImageSaver.SaveImageToLocation(Stream source, String path, String retryPath, CancellationToken cancellationToken)
[2022-05-19 08:08:10.991 +00:00] [ERR] [25] Emby.Server.Implementations.Library.LibraryManager: Cannot compute blurhash for "/config/metadata/People/J/Jerzy Zass/folder.jpg"
Non-success codec result: IncompleteInput
Jellyfin.Drawing.Skia.SkiaCodecException: Exception of type 'Jellyfin.Drawing.Skia.SkiaCodecException' was thrown.
   at Jellyfin.Drawing.Skia.SkiaHelper.EnsureSuccess(SKCodecResult result)
   at Jellyfin.Drawing.Skia.SkiaEncoder.GetImageSize(String path)
   at Emby.Drawing.ImageProcessor.GetImageDimensions(String path)
   at Emby.Drawing.ImageProcessor.GetImageBlurHash(String path)
   at Emby.Server.Implementations.Library.LibraryManager.UpdateImagesAsync(BaseItem item, Boolean forceUpdate)
[2022-05-19 08:08:11.085 +00:00] [ERR] [25] Emby.Server.Implementations.Library.LibraryManager: Cannot get image dimensions for "/config/metadata/People/Z/Zdzisław Tobiasz/folder.jpg"
Non-success codec result: Unimplemented
Jellyfin.Drawing.Skia.SkiaCodecException: Exception of type 'Jellyfin.Drawing.Skia.SkiaCodecException' was thrown.
   at Jellyfin.Drawing.Skia.SkiaHelper.EnsureSuccess(SKCodecResult result)
   at Jellyfin.Drawing.Skia.SkiaEncoder.GetImageSize(String path)
   at Emby.Drawing.ImageProcessor.GetImageDimensions(String path)
   at Emby.Drawing.ImageProcessor.GetImageDimensions(BaseItem item, ItemImageInfo info)
   at Emby.Server.Implementations.Library.LibraryManager.UpdateImagesAsync(BaseItem item, Boolean forceUpdate)
[2022-05-19 08:08:11.192 +00:00] [ERR] [25] Emby.Server.Implementations.Library.LibraryManager: Cannot get image dimensions for "/config/metadata/People/A/Artur Barciś/folder.jpg"
Non-success codec result: IncompleteInput
Jellyfin.Drawing.Skia.SkiaCodecException: Exception of type 'Jellyfin.Drawing.Skia.SkiaCodecException' was thrown.
   at Jellyfin.Drawing.Skia.SkiaHelper.EnsureSuccess(SKCodecResult result)
   at Jellyfin.Drawing.Skia.SkiaEncoder.GetImageSize(String path)
   at Emby.Drawing.ImageProcessor.GetImageDimensions(String path)
   at Emby.Drawing.ImageProcessor.GetImageDimensions(BaseItem item, ItemImageInfo info)
   at Emby.Server.Implementations.Library.LibraryManager.UpdateImagesAsync(BaseItem item, Boolean forceUpdate)
[2022-05-19 08:08:11.336 +00:00] [ERR] [27] Emby.Server.Implementations.Library.LibraryManager: Cannot compute blurhash for "/config/metadata/People/K/Krystyna Janda/folder.jpg"
System.NullReferenceException: Object reference not set to an instance of an object.
   at BlurHashSharp.SkiaSharp.BlurHashEncoder.Encode(Int32 xComponent, Int32 yComponent, String filename, Int32 maxWidth, Int32 maxHeight)
   at Jellyfin.Drawing.Skia.SkiaEncoder.GetImageBlurHash(Int32 xComp, Int32 yComp, String path)
   at Emby.Drawing.ImageProcessor.GetImageBlurHash(String path)
   at Emby.Server.Implementations.Library.LibraryManager.UpdateImagesAsync(BaseItem item, Boolean forceUpdate)
[2022-05-19 08:08:11.478 +00:00] [ERR] [23] Emby.Server.Implementations.Library.LibraryManager: Cannot compute blurhash for "/config/metadata/People/O/Olgierd Łukaszewicz/folder.jpg"
System.NullReferenceException: Object reference not set to an instance of an object.
   at BlurHashSharp.SkiaSharp.BlurHashEncoder.Encode(Int32 xComponent, Int32 yComponent, String filename, Int32 maxWidth, Int32 maxHeight)
   at Jellyfin.Drawing.Skia.SkiaEncoder.GetImageBlurHash(Int32 xComp, Int32 yComp, String path)
   at Emby.Drawing.ImageProcessor.GetImageBlurHash(String path)
   at Emby.Server.Implementations.Library.LibraryManager.UpdateImagesAsync(BaseItem item, Boolean forceUpdate)
[2022-05-19 08:08:11.601 +00:00] [ERR] [24] Emby.Server.Implementations.Library.LibraryManager: Cannot get image dimensions for "/config/metadata/People/L/Leonard Andrzejewski/folder.jpg"
Non-success codec result: IncompleteInput
Jellyfin.Drawing.Skia.SkiaCodecException: Exception of type 'Jellyfin.Drawing.Skia.SkiaCodecException' was thrown.
   at Jellyfin.Drawing.Skia.SkiaEncoder.GetImageSize(String path)
   at Emby.Drawing.ImageProcessor.GetImageDimensions(BaseItem item, ItemImageInfo info)
   at Emby.Server.Implementations.Library.LibraryManager.UpdateImagesAsync(BaseItem item, Boolean forceUpdate)
[2022-05-19 08:08:11.800 +00:00] [ERR] [24] Emby.Server.Implementations.Library.LibraryManager: Cannot compute blurhash for "/config/metadata/People/K/Krzysztof Kieślowski/folder.jpg"
System.NullReferenceException: Object reference not set to an instance of an object.
   at BlurHashSharp.SkiaSharp.BlurHashEncoder.Encode(Int32 xComponent, Int32 yComponent, String filename, Int32 maxWidth, Int32 maxHeight)
   at Emby.Drawing.ImageProcessor.GetImageBlurHash(String path)
   at Emby.Server.Implementations.Library.LibraryManager.UpdateImagesAsync(BaseItem item, Boolean forceUpdate)
[2022-05-19 08:08:12.065 +00:00] [INF] [24] Emby.Drawing.ImageProcessor: Creating image collage and saving to "/cache/temp/7290445101f54b0e8eb8a3be1a0fea8f.png"
[2022-05-19 08:08:12.350 +00:00] [INF] [24] Emby.Drawing.ImageProcessor: Completed creation of image collage and saved to "/cache/temp/7290445101f54b0e8eb8a3be1a0fea8f.png"
[2022-05-19 08:08:12.514 +00:00] [INF] [29] Emby.Drawing.ImageProcessor: Creating image collage and saving to "/cache/temp/d2d589af521f48429379d348d7eaa740.png"
[2022-05-19 08:08:12.790 +00:00] [INF] [29] Emby.Drawing.ImageProcessor: Completed creation of image collage and saved to "/cache/temp/d2d589af521f48429379d348d7eaa740.png"
[2022-05-19 08:08:13.998 +00:00] [INF] [6] Emby.Server.Implementations.ScheduledTasks.TaskManager: "Scanner toutes les Bibliothèques" Completed after 0 minute(s) and 8 seconds
[2022-05-19 08:08:14.005 +00:00] [INF] [6] Emby.Server.Implementations.ScheduledTasks.TaskManager: ExecuteQueuedTasks
[2022-05-19 08:08:14.074 +00:00] [INF] [24] Emby.Server.Implementations.IO.LibraryMonitor: Watching directory /media
[2022-05-19 08:08:55.134 +00:00] [INF] [32] Emby.Server.Implementations.HttpServer.WebSocketManager: WS "172.17.0.1" closed
[2022-05-19 08:08:55.681 +00:00] [INF] [37] Emby.Server.Implementations.HttpServer.WebSocketManager: WS "172.17.0.1" request
